\BOOKMARK [1][-]{section*.2}{\376\377\000B\000o\000n\000j\000o\000u\000r\000,\000\040\000m\000o\000n\000d\000e\000\040\000!}{}% 1
\BOOKMARK [1][-]{section*.3}{\376\377\000L\000a\000\040\000p\000h\000o\000t\000o\000g\000r\000a\000p\000h\000i\000e\000\040\000e\000n\000\040\000v\000o\000y\000a\000g\000e\000,\000\040\000u\000n\000\040\000m\000\351\000t\000i\000e\000r\000\040\000?}{}% 2
\BOOKMARK [1][-]{section*.4}{\376\377\000J\000o\000u\000r\000\040\000J\000\040\000:\000\040\000f\000a\000i\000r\000e\000\040\000l\000e\000\040\000p\000o\000n\000t\000\040\000e\000n\000t\000r\000e\000\040\000l\000'\000O\000c\000c\000i\000d\000e\000n\000t\000\040\000e\000t\000\040\000l\000'\000O\000r\000i\000e\000n\000t}{}% 3
\BOOKMARK [1][-]{section*.5}{\376\377\000L\000e\000\040\000b\000o\000n\000j\000o\000u\000r\000\040\000d\000u\000\040\000v\000i\000l\000l\000a\000g\000e\000\040\000!}{}% 4
\BOOKMARK [1][-]{section*.6}{\376\377\000D\000e\000s\000\040\000\351\000l\000e\000c\000t\000i\000o\000n\000s\000.\000.\000.\000\340\000\040\000l\000a\000\040\000f\000o\000r\000\352\000t\000\040\000d\000e\000s\000\040\000C\000\350\000d\000r\000e\000s}{}% 5
\BOOKMARK [1][-]{section*.7}{\376\377\000T\000r\000i\000p\000o\000l\000i\000,\000\040\000B\000e\000y\000r\000o\000u\000t\000h\000,\000\040\000Q\000a\000d\000i\000s\000h\000a\000,\000\040\000S\000a\000\357\000d\000a}{}% 6
\BOOKMARK [1][-]{section*.8}{\376\377\000M\000a\000n\000g\000e\000r\000\040\000a\000u\000\040\000L\000i\000b\000a\000n}{}% 7
\BOOKMARK [1][-]{section*.9}{\376\377\000B\000a\000a\000l\000b\000e\000c\000k\000\040\000\046\000\040\000a\000u\000\040\000r\000e\000v\000o\000i\000r\000,\000\040\000L\000i\000b\000a\000n\000\040\000!}{}% 8
\BOOKMARK [1][-]{section*.10}{\376\377\000P\000r\000o\000l\000\351\000t\000a\000i\000r\000e\000s\000\040\000d\000e\000\040\000t\000o\000u\000s\000\040\000l\000e\000s\000\040\000p\000a\000y\000s\000,\000\040\000u\000n\000i\000s\000s\000e\000z\000-\000v\000o\000u\000s\000\040\000!}{}% 9
\BOOKMARK [1][-]{section*.11}{\376\377\000C\000r\000a\000p\000a\000h\000u\000t\000a\000g\000e\000s\000\040\000s\000u\000r\000\040\000l\000a\000\040\000M\000o\000s\000c\000o\000v\000a}{}% 10
\BOOKMARK [1][-]{section*.12}{\376\377\000S\000a\000i\000n\000t\000-\000P\000\351\000t\000e\000r\000s\000b\000o\000u\000r\000g\000,\000\040\000b\000e\000r\000c\000e\000a\000u\000\040\000d\000e\000\040\000l\000a\000\040\000r\000\351\000v\000o\000l\000u\000t\000i\000o\000n}{}% 11
\BOOKMARK [1][-]{section*.13}{\376\377\004\024\004\076\000\040\004\101\004\062\004\070\004\064\004\060\004\075\004\070\004\117\000,\000\040\000R\000u\000s\000s\000i\000e\000\040\000!}{}% 12
\BOOKMARK [1][-]{section*.14}{\376\377\000A\000r\000r\000i\000v\000\351\000e\000\040\000d\000a\000n\000s\000\040\000l\000'\000e\000m\000p\000i\000r\000e\000\040\000d\000u\000\040\000m\000i\000l\000i\000e\000u}{}% 13
\BOOKMARK [1][-]{section*.15}{\376\377\000L\000a\000\040\000C\000h\000i\000n\000e\000\040\000a\000u\000\040\000p\000a\000s\000\040\000d\000e\000\040\000c\000o\000u\000r\000s\000e}{}% 14
\BOOKMARK [1][-]{section*.16}{\376\377\000D\000e\000u\000x\000i\000\350\000m\000e\000\040\000s\000e\000m\000a\000i\000n\000e\000\040\000e\000t\000\040\000i\000m\000p\000r\000e\000s\000s\000i\000o\000n\000s\000\040\000\050\000\340\000\040\000l\000'\000e\000n\000c\000r\000e\000\051\000\040\000d\000e\000\040\000C\000h\000i\000n\000e}{}% 15
\BOOKMARK [2][-]{section*.17}{\376\377\000L\000e\000s\000\040\000d\000e\000r\000n\000i\000\350\000r\000e\000s\000\040\000\351\000t\000a\000p\000e\000s}{section*.16}% 16
\BOOKMARK [2][-]{section*.18}{\376\377\000E\000t\000\040\000n\000o\000s\000\040\000i\000m\000p\000r\000e\000s\000s\000i\000o\000n\000s\000\040\000?}{section*.16}% 17
\BOOKMARK [1][-]{section*.19}{\376\377\060\123\060\223\060\153\060\141\060\157\000,\000\040\000k\000o\000n\000n\000i\000c\000h\000i\000w\000a\000\040\000!}{}% 18
\BOOKMARK [1][-]{section*.20}{\376\377\000Q\000u\000e\000l\000q\000u\000e\000s\000\040\000j\000o\000u\000r\000s\000\040\000\340\000\040\000K\000y\000u\000s\000h\000u}{}% 19
\BOOKMARK [1][-]{section*.21}{\376\377\000G\000r\000a\000n\000d\000-\000\351\000c\000a\000r\000t\000\040\000e\000n\000t\000r\000e\000\040\000t\000r\000a\000d\000i\000t\000i\000o\000n\000\040\000e\000t\000\040\000g\000r\000a\000t\000t\000e\000-\000c\000i\000e\000l\000s\000.}{}% 20
\BOOKMARK [1][-]{section*.22}{\376\377\000K\000y\000o\000t\000o\000,\000\040\000a\000u\000t\000o\000u\000r\000\040\000d\000e\000\040\000K\000y\000o\000t\000o\000\040\000e\000t\000\040\000H\000i\000r\000o\000s\000h\000i\000m\000a\000.}{}% 21
\BOOKMARK [1][-]{section*.23}{\376\377\000D\000e\000s\000\040\000a\000l\000p\000e\000s\000\040\000j\000a\000p\000o\000n\000a\000i\000s\000e\000s\000\040\000d\000e\000\040\000N\000a\000g\000a\000n\000o\000\040\000\340\000\040\000l\000a\000\040\000b\000r\000\373\000l\000a\000n\000t\000e\000\040\000O\000s\000a\000k\000a}{}% 22
\BOOKMARK [1][-]{section*.24}{\376\377\000A\000r\000r\000i\000v\000\351\000e\000\040\000a\000u\000\040\000p\000a\000y\000s\000\040\000d\000e\000s\000\040\000m\000i\000l\000l\000e\000\040\000o\000i\000s\000e\000a\000u\000x}{}% 23
\BOOKMARK [1][-]{section*.25}{\376\377\000O\000n\000\040\000n\000'\000a\000\040\000j\000a\000m\000a\000i\000s\000\040\000\351\000t\000\351\000\040\000a\000u\000t\000a\000n\000t\000\040\000\340\000\040\000l\000a\000\040\000p\000l\000a\000g\000e\000\040\000e\000n\000\040\000h\000i\000v\000e\000r}{}% 24
\BOOKMARK [1][-]{section*.26}{\376\377\000E\000n\000\040\000r\000o\000u\000t\000e\000\040\000s\000u\000r\000\040\000l\000a\000\040\000G\000r\000e\000a\000t\000\040\000O\000c\000e\000a\000n\000\040\000R\000o\000a\000d}{}% 25
\BOOKMARK [2][-]{section*.27}{\376\377\000D\000e\000\040\000G\000e\000e\000l\000o\000n\000g\000\040\000\340\000\040\000L\000o\000r\000n\000e}{section*.26}% 26
\BOOKMARK [2][-]{section*.28}{\376\377\000D\000e\000\040\000L\000o\000r\000n\000e\000\040\000\340\000\040\000A\000p\000o\000l\000l\000o\000\040\000b\000a\000y}{section*.26}% 27
\BOOKMARK [2][-]{section*.29}{\376\377\000D\000'\000A\000p\000o\000l\000l\000o\000\040\000b\000a\000y\000\040\000j\000u\000s\000q\000u\000'\000\340\000\040\000P\000r\000i\000n\000c\000e\000t\000o\000w\000n}{section*.26}% 28
\BOOKMARK [2][-]{section*.30}{\376\377\000D\000e\000\040\000P\000r\000i\000n\000c\000e\000t\000o\000w\000n\000\040\000\340\000\040\000W\000a\000r\000r\000n\000a\000m\000b\000o\000o\000l}{section*.26}% 29
\BOOKMARK [1][-]{section*.31}{\376\377\000D\000e\000s\000\040\000k\000a\000n\000g\000o\000u\000r\000o\000u\000s\000,\000\040\000m\000a\000i\000s\000\040\000p\000a\000s\000\040\000q\000u\000e\000\040\000!}{}% 30
\BOOKMARK [1][-]{section*.32}{\376\377\000P\000r\000e\000m\000i\000e\000r\000s\000\040\000P\000k\000\040\000e\000t\000\040\000p\000r\000e\000m\000i\000\350\000r\000e\000s\000\040\000\356\000l\000e\000s\000\040\000e\000n\000\040\000P\000o\000l\000y\000n\000\351\000s\000i\000e\000\040\000F\000r\000a\000n\000\347\000a\000i\000s\000e}{}% 31
\BOOKMARK [1][-]{section*.33}{\376\377\000L\000e\000s\000\040\000\316\000l\000e\000s\000-\000S\000o\000u\000s\000-\000L\000e\000-\000V\000e\000n\000t\000,\000\040\000\347\000a\000\040\000s\000e\000c\000o\000u\000e\000\040\000!}{}% 32
\BOOKMARK [2][-]{section*.34}{\376\377\000B\000o\000r\000a\000-\000B\000o\000r\000a}{section*.33}% 33
\BOOKMARK [2][-]{section*.35}{\376\377\000M\000a\000u\000p\000i\000t\000i}{section*.33}% 34
\BOOKMARK [2][-]{section*.36}{\376\377\000R\000a\000i\000a\000t\000e\000a}{section*.33}% 35
\BOOKMARK [2][-]{section*.37}{\376\377\000B\000o\000n\000u\000s}{section*.33}% 36
\BOOKMARK [3][-]{section*.38}{\376\377\000Q\000u\000i\000z\000z\000\040\000d\000e\000s\000\040\000\356\000l\000e\000s}{section*.37}% 37
\BOOKMARK [3][-]{section*.39}{\376\377\000B\000o\000u\000g\000a\000i\000n\000v\000i\000l\000l\000e\000\040\000\340\000\040\000T\000a\000h\000i\000t\000i}{section*.37}% 38
\BOOKMARK [3][-]{section*.40}{\376\377\000L\000e\000\040\000c\000h\000a\000n\000t\000\040\000d\000e\000s\000\040\000b\000a\000l\000e\000i\000n\000e\000s}{section*.37}% 39
\BOOKMARK [1][-]{section*.41}{\376\377\000A\000\040\000l\000a\000\040\000d\000\351\000c\000o\000u\000v\000e\000r\000t\000e\000\040\000d\000e\000s\000\040\000m\000y\000s\000t\000\350\000r\000e\000s\000\040\000d\000e\000\040\000R\000a\000p\000a\000\040\000N\000u\000i}{}% 40
\BOOKMARK [1][-]{section*.42}{\376\377\000D\000e\000\040\000S\000a\000n\000t\000i\000a\000g\000o\000\040\000a\000u\000\040\000d\000\351\000s\000e\000r\000t\000\040\000d\000e\000\040\000l\000'\000A\000t\000a\000c\000a\000m\000a}{}% 41
\BOOKMARK [1][-]{section*.43}{\376\377\000S\000e\000m\000a\000i\000n\000e\000\040\000h\000a\000u\000t\000e\000\040\000e\000n\000\040\000c\000o\000u\000l\000e\000u\000r\000s\000\040\000a\000u\000\040\000P\000\351\000r\000o\000u\000\040\000!}{}% 42
\BOOKMARK [2][-]{section*.44}{\376\377\000A\000r\000e\000q\000u\000i\000p\000a}{section*.43}% 43
\BOOKMARK [2][-]{section*.45}{\376\377\000M\000a\000c\000h\000u\000\040\000P\000i\000c\000c\000h\000u\000\040\000:\000\040\000i\000l\000\040\000f\000a\000u\000t\000\040\000l\000e\000\040\000m\000\351\000r\000i\000t\000e\000r\000\040\000!}{section*.43}% 44
\BOOKMARK [2][-]{section*.46}{\376\377\000C\000u\000s\000c\000o}{section*.43}% 45
\BOOKMARK [2][-]{section*.47}{\376\377\000L\000i\000m\000a}{section*.43}% 46
\BOOKMARK [1][-]{section*.48}{\376\377\000D\000\351\000t\000e\000n\000t\000e\000\040\000\340\000\040\000C\000a\000r\000t\000h\000a\000g\000\350\000n\000e\000-\000d\000e\000s\000-\000I\000n\000d\000e\000s}{}% 47
\BOOKMARK [1][-]{section*.49}{\376\377\000L\000a\000\040\000r\000e\000m\000o\000n\000t\000\351\000e\000\040\000d\000u\000\040\000t\000e\000m\000p\000s\000\040\000m\000e\000x\000i\000c\000a\000i\000n}{}% 48
\BOOKMARK [1][-]{section*.50}{\376\377\000I\000m\000m\000e\000r\000s\000i\000o\000n\000\040\000c\000u\000l\000t\000u\000r\000e\000l\000l\000e\000\040\000\340\000\040\000M\000e\000x\000i\000c\000o\000\040\000C\000i\000t\000y}{}% 49
\BOOKMARK [1][-]{section*.51}{\376\377\000V\000a\000n\000c\000o\000u\000v\000e\000r\000,\000\040\000e\000n\000t\000r\000e\000\040\000m\000e\000r\000\040\000e\000t\000\040\000m\000o\000n\000t\000a\000g\000n\000e}{}% 50
